<?xml version="1.0" encoding="UTF-8"?>
<!-- Generated by org.testng.reporters.JUnitReportReporter -->
<testsuite hostname="DESKTOP-D63EQ9S" failures="0" tests="1" name="leanTech.automation_LT.Test.MainTest" time="3.146" errors="0" timestamp="2022-12-26T13:34:46 BRT" skipped="0">
  <testcase classname="leanTech.automation_LT.Test.MainTest" name="selectNoneItemFound" time="3.146"/>
  <system-out/>
</testsuite> <!-- leanTech.automation_LT.Test.MainTest -->
