<?xml version="1.0" encoding="UTF-8"?>
<!-- Generated by org.testng.reporters.JUnitReportReporter -->
<testsuite hostname="DESKTOP-D63EQ9S" failures="0" tests="3" name="leanTech.automation_LT.Test.MainTest" time="5.566" errors="0" timestamp="2022-12-26T14:31:33 BRT" skipped="0">
  <testcase classname="leanTech.automation_LT.Test.MainTest" name="selectBackPackItem" time="3.142"/>
  <system-out/>
  <testcase classname="leanTech.automation_LT.Test.MainTest" name="selectNoneItemFound" time="0.933"/>
  <system-out/>
  <testcase classname="leanTech.automation_LT.Test.MainTest" name="selectMultipleItems" time="1.491"/>
  <system-out/>
</testsuite> <!-- leanTech.automation_LT.Test.MainTest -->
