<?xml version="1.0" encoding="UTF-8"?>
<!-- Generated by org.testng.reporters.JUnitReportReporter -->
<testsuite hostname="DESKTOP-D63EQ9S" failures="0" tests="2" name="leanTech.automation_LT.Test.MainTest" time="5.002" errors="0" timestamp="2022-12-24T11:53:38 BRT" skipped="0">
  <testcase classname="leanTech.automation_LT.Test.MainTest" name="selectBackPackItem" time="3.441"/>
  <system-out/>
  <testcase classname="leanTech.automation_LT.Test.MainTest" name="selectMultipleItems" time="1.561"/>
  <system-out/>
</testsuite> <!-- leanTech.automation_LT.Test.MainTest -->
